Arguments: 
  /usr/local/bin/node /usr/local/Cellar/yarn/1.13.0/libexec/bin/yarn.js start

PATH: 
  /usr/local/bin:/usr/bin:/bin:/usr/sbin:/sbin:/usr/local/share/dotnet:~/.dotnet/tools:/Library/Frameworks/Mono.framework/Versions/Current/Commands:/Applications/Xamarin Workbooks.app/Contents/SharedSupport/path-bin

Yarn version: 
  1.13.0

Node version: 
  12.16.1

Platform: 
  darwin x64

Trace: 
  SyntaxError: /Users/tomermarzok/Desktop/react/cinema-city/package.json: Unexpected token } in JSON at position 1144
      at JSON.parse (<anonymous>)
      at /usr/local/Cellar/yarn/1.13.0/libexec/lib/cli.js:1625:59
      at Generator.next (<anonymous>)
      at step (/usr/local/Cellar/yarn/1.13.0/libexec/lib/cli.js:304:30)
      at /usr/local/Cellar/yarn/1.13.0/libexec/lib/cli.js:315:13

npm manifest: 
  {
    "name": "cinema-city",
    "version": "0.1.0",
    "private": true,
    "dependencies": {
      "@material-ui/core": "^4.9.9",
      "@react-firebase/auth": "^0.2.10",
      "@testing-library/jest-dom": "^4.2.4",
      "@testing-library/react": "^9.3.2",
      "@testing-library/user-event": "^7.1.2",
      "axios": "^0.19.2",
      "blockstack": "^21.0.0",
      "body-parser": "^1.19.0",
      "css-unit-converter": "^1.1.1",
      "dotenv": "^8.2.0",
      "express": "^4.17.1",
      "firebase": "^7.13.2",
      "font-awesome": "^4.7.0",
      "jquery": "^3.4.1",
      "materialize-css": "^1.0.0",
      "mathjs": "^6.6.2",
      "next": "^9.3.4",
      "react": "^16.13.1",
      "react-blockstack": "^0.6.7",
      "react-bulma-components": "^3.2.0",
      "react-dom": "^16.13.1",
      "react-notifications": "^1.5.0",
      "react-rating": "^2.0.5",
      "react-redux": "^7.2.0",
      "react-redux-firebase": "^3.3.0",
      "react-router": "^5.1.2",
      "react-router-dom": "^5.1.2",
      "react-scripts": "3.4.0",
      "react-star-rating-component": "^1.4.1",
      "react-star-ratings": "^2.3.0",
      "redux": "^4.0.5",
      "redux-firestore": "^0.13.0",
      "redux-thunk": "^2.3.0",
    },
    "scripts": {
      "start": "react-scripts start",
      "build": "react-scripts build",
      "test": "react-scripts test",
      "eject": "react-scripts eject"
    },
    "eslintConfig": {
      "extends": "react-app"
    },
    "browserslist": {
      "production": [
        ">0.2%",
        "not dead",
        "not op_mini all"
      ],
      "development": [
        "last 1 chrome version",
        "last 1 firefox version",
        "last 1 safari version"
      ]
    }
  }

yarn manifest: 
  No manifest

Lockfile: 
  No lockfile
